TN:
SF:features\accueil\components\GainsCarousel.tsx
FN:38,WavePrimary
FN:55,CardSeparator
FN:59,CardPrimary
FN:71,CardWhite
FN:73,(anonymous_4)
FN:83,GainsCarousel
FN:86,(anonymous_6)
FN:88,(anonymous_7)
FN:130,(anonymous_8)
FN:139,(anonymous_9)
FN:146,(anonymous_10)
FN:168,makeCardWhiteStyles
FN:177,makeDotsStyles
FNF:13
FNH:0
FNDA:0,WavePrimary
FNDA:0,CardSeparator
FNDA:0,CardPrimary
FNDA:0,CardWhite
FNDA:0,(anonymous_4)
FNDA:0,GainsCarousel
FNDA:0,(anonymous_6)
FNDA:0,(anonymous_7)
FNDA:0,(anonymous_8)
FNDA:0,(anonymous_9)
FNDA:0,(anonymous_10)
FNDA:0,makeCardWhiteStyles
FNDA:0,makeDotsStyles
DA:19,0
DA:20,0
DA:21,0
DA:22,0
DA:23,0
DA:39,0
DA:56,0
DA:60,0
DA:61,0
DA:72,0
DA:73,0
DA:74,0
DA:84,0
DA:85,0
DA:86,0
DA:88,0
DA:89,0
DA:90,0
DA:93,0
DA:94,0
DA:101,0
DA:102,0
DA:126,0
DA:130,0
DA:140,0
DA:147,0
DA:155,0
DA:169,0
DA:178,0
LF:29
LH:0
BRDA:93,0,0,0
BRDA:93,0,1,0
BRDA:101,1,0,0
BRDA:101,1,1,0
BRDA:106,2,0,0
BRDA:106,2,1,0
BRDA:107,3,0,0
BRDA:107,3,1,0
BRDA:113,4,0,0
BRDA:113,4,1,0
BRDA:120,5,0,0
BRDA:120,5,1,0
BRDA:140,6,0,0
BRDA:140,6,1,0
BRDA:147,7,0,0
BRDA:147,7,1,0
BRF:16
BRH:0
end_of_record
TN:
SF:features\accueil\components\SoldeVehicules.tsx
FN:15,VehiculeRow
FN:17,(anonymous_1)
FN:19,handlePress
FN:50,SoldeVehicules
FN:52,(anonymous_4)
FN:54,(anonymous_5)
FN:64,(anonymous_6)
FN:77,makeStyles
FNF:8
FNH:0
FNDA:0,VehiculeRow
FNDA:0,(anonymous_1)
FNDA:0,handlePress
FNDA:0,SoldeVehicules
FNDA:0,(anonymous_4)
FNDA:0,(anonymous_5)
FNDA:0,(anonymous_6)
FNDA:0,makeStyles
DA:16,0
DA:17,0
DA:20,0
DA:26,0
DA:51,0
DA:52,0
DA:54,0
DA:55,0
DA:56,0
DA:58,0
DA:59,0
DA:61,0
DA:62,0
DA:64,0
DA:65,0
DA:69,0
DA:78,0
LF:17
LH:0
BRDA:27,0,0,0
BRDA:27,0,1,0
BRDA:34,1,0,0
BRDA:34,1,1,0
BRDA:55,2,0,0
BRDA:55,2,1,0
BRDA:58,3,0,0
BRDA:58,3,1,0
BRDA:61,4,0,0
BRDA:61,4,1,0
BRF:10
BRH:0
end_of_record
TN:
SF:features\accueil\hooks\useQrPayload.ts
FN:9,useQrPayload
FN:12,(anonymous_1)
FN:13,(anonymous_2)
FNF:3
FNH:3
FNDA:7,useQrPayload
FNDA:3,(anonymous_1)
FNDA:3,(anonymous_2)
DA:10,7
DA:12,7
DA:13,3
DA:14,3
DA:15,3
DA:21,7
LF:6
LH:6
BRDA:16,0,0,2
BRDA:16,0,1,1
BRF:2
BRH:2
end_of_record
TN:
SF:features\accueil\screens\AccueilScreen.tsx
FN:26,formatPhone
FN:33,AccueilScreen
FN:44,(anonymous_2)
FN:51,(anonymous_3)
FN:53,(anonymous_4)
FN:61,(anonymous_5)
FN:68,(anonymous_6)
FN:69,(anonymous_7)
FN:76,(anonymous_8)
FN:99,(anonymous_9)
FN:106,(anonymous_10)
FN:127,(anonymous_11)
FN:142,(anonymous_12)
FN:143,(anonymous_13)
FN:144,(anonymous_14)
FN:178,makeStyles
FNF:16
FNH:8
FNDA:13,formatPhone
FNDA:14,AccueilScreen
FNDA:10,(anonymous_2)
FNDA:10,(anonymous_3)
FNDA:0,(anonymous_4)
FNDA:0,(anonymous_5)
FNDA:10,(anonymous_6)
FNDA:0,(anonymous_7)
FNDA:10,(anonymous_8)
FNDA:0,(anonymous_9)
FNDA:0,(anonymous_10)
FNDA:4,(anonymous_11)
FNDA:0,(anonymous_12)
FNDA:0,(anonymous_13)
FNDA:0,(anonymous_14)
FNDA:10,makeStyles
DA:18,1
DA:19,1
DA:20,1
DA:21,1
DA:22,1
DA:23,1
DA:24,1
DA:27,13
DA:28,12
DA:29,12
DA:30,0
DA:34,14
DA:35,14
DA:36,14
DA:37,14
DA:38,14
DA:39,14
DA:40,14
DA:41,14
DA:42,14
DA:44,14
DA:46,14
DA:47,14
DA:48,14
DA:49,14
DA:51,14
DA:53,14
DA:54,0
DA:55,0
DA:56,0
DA:60,14
DA:62,0
DA:63,0
DA:64,0
DA:68,14
DA:69,10
DA:70,0
DA:71,0
DA:72,0
DA:74,0
DA:76,10
DA:79,14
DA:99,0
DA:106,0
DA:127,4
DA:142,0
DA:143,0
DA:179,10
LF:48
LH:33
BRDA:27,0,0,1
BRDA:27,0,1,12
BRDA:29,1,0,12
BRDA:29,1,1,0
BRDA:46,2,0,13
BRDA:46,2,1,1
BRDA:47,3,0,14
BRDA:47,3,1,1
BRDA:48,4,0,14
BRDA:48,4,1,14
BRDA:48,4,2,1
BRDA:70,5,0,0
BRDA:70,5,1,0
BRDA:70,6,0,0
BRDA:70,6,1,0
BRDA:109,7,0,14
BRDA:109,7,1,0
BRDA:111,8,0,0
BRDA:111,8,1,0
BRDA:118,9,0,0
BRDA:118,9,1,14
BRDA:119,10,0,0
BRDA:119,10,1,14
BRDA:127,11,0,4
BRDA:127,11,1,4
BRDA:130,12,0,1
BRDA:130,12,1,13
BRDA:130,13,0,14
BRDA:130,13,1,13
BRDA:145,14,0,14
BRDA:145,14,1,14
BRDA:153,15,0,1
BRDA:153,15,1,13
BRDA:168,16,0,14
BRDA:168,16,1,14
BRF:35
BRH:25
end_of_record
TN:
SF:features\accueil\services\accueil.service.ts
FN:7,(anonymous_0)
FNF:1
FNH:1
FNDA:4,(anonymous_0)
DA:4,1
DA:6,1
DA:8,4
DA:9,4
DA:10,4
DA:16,3
DA:17,2
DA:18,2
DA:20,1
LF:9
LH:9
BRDA:4,0,0,1
BRDA:4,0,1,1
BRDA:13,1,0,4
BRDA:13,1,1,0
BRDA:16,2,0,1
BRDA:16,2,1,2
BRDA:18,3,0,2
BRDA:18,3,1,1
BRF:8
BRH:7
end_of_record
TN:
SF:features\auth\components\AuthInput.tsx
FN:15,AuthInput
FN:17,(anonymous_1)
FN:43,makeStyles
FNF:3
FNH:0
FNDA:0,AuthInput
FNDA:0,(anonymous_1)
FNDA:0,makeStyles
DA:16,0
DA:17,0
DA:19,0
DA:44,0
LF:4
LH:0
BRDA:24,0,0,0
BRDA:24,0,1,0
BRDA:25,1,0,0
BRDA:25,1,1,0
BRDA:34,2,0,0
BRDA:34,2,1,0
BRDA:38,3,0,0
BRDA:38,3,1,0
BRF:8
BRH:0
end_of_record
TN:
SF:features\auth\components\HeroIllustration.tsx
FN:8,Cloud
FN:23,Drop
FN:35,Star
FN:58,Bottle
FN:132,HeroIllustration
FNF:5
FNH:0
FNDA:0,Cloud
FNDA:0,Drop
FNDA:0,Star
FNDA:0,Bottle
FNDA:0,HeroIllustration
DA:4,0
DA:5,0
DA:9,0
DA:24,0
DA:25,0
DA:26,0
DA:27,0
DA:36,0
DA:37,0
DA:38,0
DA:39,0
DA:40,0
DA:41,0
DA:42,0
DA:43,0
DA:44,0
DA:45,0
DA:46,0
DA:47,0
DA:49,0
DA:50,0
DA:59,0
DA:60,0
DA:61,0
DA:62,0
DA:64,0
DA:65,0
DA:66,0
DA:67,0
DA:68,0
DA:69,0
DA:70,0
DA:71,0
DA:72,0
DA:73,0
DA:75,0
DA:113,0
DA:115,0
DA:117,0
DA:119,0
DA:121,0
DA:133,0
DA:134,0
DA:136,0
LF:44
LH:0
BRDA:8,0,0,0
BRDA:8,1,0,0
BRDA:23,2,0,0
BRDA:23,3,0,0
BRDA:35,4,0,0
BRDA:35,5,0,0
BRDA:46,6,0,0
BRDA:46,6,1,0
BRF:8
BRH:0
end_of_record
TN:
SF:features\auth\components\OtpInput.tsx
FN:12,OtpInput
FN:15,(anonymous_1)
FN:17,handleChange
FN:27,handleKeyPress
FN:34,(anonymous_4)
FN:34,(anonymous_5)
FN:41,(anonymous_6)
FN:44,(anonymous_7)
FN:47,(anonymous_8)
FN:48,(anonymous_9)
FN:61,makeStyles
FNF:11
FNH:0
FNDA:0,OtpInput
FNDA:0,(anonymous_1)
FNDA:0,handleChange
FNDA:0,handleKeyPress
FNDA:0,(anonymous_4)
FNDA:0,(anonymous_5)
FNDA:0,(anonymous_6)
FNDA:0,(anonymous_7)
FNDA:0,(anonymous_8)
FNDA:0,(anonymous_9)
FNDA:0,makeStyles
DA:13,0
DA:14,0
DA:15,0
DA:18,0
DA:19,0
DA:20,0
DA:21,0
DA:22,0
DA:23,0
DA:24,0
DA:28,0
DA:29,0
DA:33,0
DA:34,0
DA:38,0
DA:42,0
DA:44,0
DA:47,0
DA:48,0
DA:62,0
LF:20
LH:0
BRDA:12,0,0,0
BRDA:23,1,0,0
BRDA:23,1,1,0
BRDA:23,2,0,0
BRDA:23,2,1,0
BRDA:24,3,0,0
BRDA:24,3,1,0
BRDA:24,4,0,0
BRDA:24,4,1,0
BRDA:28,5,0,0
BRDA:28,5,1,0
BRDA:28,6,0,0
BRDA:28,6,1,0
BRDA:28,6,2,0
BRDA:45,7,0,0
BRDA:45,7,1,0
BRDA:45,8,0,0
BRDA:45,8,1,0
BRDA:46,9,0,0
BRDA:46,9,1,0
BRDA:56,10,0,0
BRDA:56,10,1,0
BRF:22
BRH:0
end_of_record
TN:
SF:features\auth\components\PasswordInput.tsx
FN:14,PasswordInput
FN:17,(anonymous_1)
FN:31,(anonymous_2)
FN:31,(anonymous_3)
FN:40,makeStyles
FNF:5
FNH:0
FNDA:0,PasswordInput
FNDA:0,(anonymous_1)
FNDA:0,(anonymous_2)
FNDA:0,(anonymous_3)
FNDA:0,makeStyles
DA:15,0
DA:16,0
DA:17,0
DA:19,0
DA:31,0
DA:41,0
LF:6
LH:0
BRDA:22,0,0,0
BRDA:22,0,1,0
BRDA:31,1,0,0
BRDA:31,1,1,0
BRDA:32,2,0,0
BRDA:32,2,1,0
BRDA:35,3,0,0
BRDA:35,3,1,0
BRF:8
BRH:0
end_of_record
TN:
SF:features\auth\components\PhoneInput.tsx
FN:10,flagEmoji
FN:12,(anonymous_1)
FN:26,PhoneInput
FN:34,(anonymous_3)
FN:35,(anonymous_4)
FN:37,selectCountry
FN:49,(anonymous_6)
FN:62,(anonymous_7)
FN:77,(anonymous_8)
FN:78,(anonymous_9)
FN:83,(anonymous_10)
FN:84,(anonymous_11)
FN:87,(anonymous_12)
FN:104,makeStyles
FNF:14
FNH:0
FNDA:0,flagEmoji
FNDA:0,(anonymous_1)
FNDA:0,PhoneInput
FNDA:0,(anonymous_3)
FNDA:0,(anonymous_4)
FNDA:0,selectCountry
FNDA:0,(anonymous_6)
FNDA:0,(anonymous_7)
FNDA:0,(anonymous_8)
FNDA:0,(anonymous_9)
FNDA:0,(anonymous_10)
FNDA:0,(anonymous_11)
FNDA:0,(anonymous_12)
FNDA:0,makeStyles
DA:11,0
DA:12,0
DA:32,0
DA:33,0
DA:34,0
DA:35,0
DA:38,0
DA:39,0
DA:42,0
DA:49,0
DA:63,0
DA:64,0
DA:65,0
DA:77,0
DA:78,0
DA:83,0
DA:85,0
DA:87,0
DA:105,0
LF:19
LH:0
BRDA:27,0,0,0
BRDA:35,1,0,0
BRDA:35,1,1,0
BRDA:45,2,0,0
BRDA:45,2,1,0
BRDA:64,3,0,0
BRDA:64,3,1,0
BRDA:74,4,0,0
BRDA:74,4,1,0
BRDA:86,5,0,0
BRDA:86,5,1,0
BRDA:92,6,0,0
BRDA:92,6,1,0
BRF:13
BRH:0
end_of_record
TN:
SF:features\auth\components\StepIndicator.tsx
FN:11,StepIndicator
FN:13,(anonymous_1)
FN:15,(anonymous_2)
FN:15,(anonymous_3)
FN:17,circleStyle
FN:25,(anonymous_5)
FN:49,makeStyles
FNF:7
FNH:0
FNDA:0,StepIndicator
FNDA:0,(anonymous_1)
FNDA:0,(anonymous_2)
FNDA:0,(anonymous_3)
FNDA:0,circleStyle
FNDA:0,(anonymous_5)
FNDA:0,makeStyles
DA:12,0
DA:13,0
DA:15,0
DA:18,0
DA:19,0
DA:20,0
DA:23,0
DA:26,0
DA:27,0
DA:28,0
DA:50,0
LF:11
LH:0
BRDA:18,0,0,0
BRDA:18,0,1,0
BRDA:19,1,0,0
BRDA:19,1,1,0
BRDA:31,2,0,0
BRDA:31,2,1,0
BRDA:33,3,0,0
BRDA:33,3,1,0
BRDA:36,4,0,0
BRDA:36,4,1,0
BRDA:37,5,0,0
BRDA:37,5,1,0
BRDA:41,6,0,0
BRDA:41,6,1,0
BRDA:41,7,0,0
BRDA:41,7,1,0
BRF:16
BRH:0
end_of_record
TN:
SF:features\auth\hooks\useCurrentUser.ts
FN:5,useCurrentUser
FN:9,(anonymous_1)
FN:10,(anonymous_2)
FNF:3
FNH:3
FNDA:5,useCurrentUser
FNDA:3,(anonymous_1)
FNDA:2,(anonymous_2)
DA:6,5
DA:7,5
DA:9,5
DA:10,3
DA:11,2
DA:12,2
DA:16,5
LF:7
LH:7
BRF:0
BRH:0
end_of_record
TN:
SF:features\auth\hooks\useForgotPassword.ts
FN:43,err
FN:44,(anonymous_1)
FN:47,globalErr
FN:48,(anonymous_3)
FN:51,useForgotPassword
FN:54,(anonymous_5)
FN:55,(anonymous_6)
FN:58,(anonymous_7)
FN:59,(anonymous_8)
FN:62,(anonymous_9)
FN:69,(anonymous_10)
FN:72,(anonymous_11)
FN:78,(anonymous_12)
FN:81,(anonymous_13)
FN:91,(anonymous_14)
FN:94,(anonymous_15)
FN:95,(anonymous_16)
FN:101,(anonymous_17)
FN:102,(anonymous_18)
FN:112,(anonymous_19)
FNF:20
FNH:20
FNDA:3,err
FNDA:3,(anonymous_1)
FNDA:1,globalErr
FNDA:1,(anonymous_3)
FNDA:41,useForgotPassword
FNDA:16,(anonymous_5)
FNDA:16,(anonymous_6)
FNDA:1,(anonymous_7)
FNDA:1,(anonymous_8)
FNDA:7,(anonymous_9)
FNDA:5,(anonymous_10)
FNDA:4,(anonymous_11)
FNDA:3,(anonymous_12)
FNDA:2,(anonymous_13)
FNDA:1,(anonymous_14)
FNDA:13,(anonymous_15)
FNDA:13,(anonymous_16)
FNDA:2,(anonymous_17)
FNDA:2,(anonymous_18)
FNDA:1,(anonymous_19)
DA:26,1
DA:44,3
DA:48,1
DA:52,41
DA:54,41
DA:55,16
DA:58,41
DA:59,1
DA:62,41
DA:63,7
DA:64,7
DA:66,6
DA:67,6
DA:68,6
DA:69,5
DA:72,41
DA:73,4
DA:74,4
DA:76,3
DA:77,3
DA:78,3
DA:81,41
DA:82,2
DA:83,2
DA:84,2
DA:85,2
DA:86,1
DA:87,2
DA:89,1
DA:90,1
DA:91,1
DA:94,41
DA:95,13
DA:96,13
DA:97,6
DA:98,2
DA:101,41
DA:102,2
DA:104,2
DA:111,2
DA:112,1
DA:113,1
DA:116,1
DA:117,1
DA:118,1
DA:121,41
LF:46
LH:46
BRDA:64,0,0,1
BRDA:64,0,1,6
BRDA:68,1,0,1
BRDA:68,1,1,5
BRDA:74,2,0,1
BRDA:74,2,1,3
BRDA:77,3,0,0
BRDA:77,3,1,3
BRDA:84,4,0,0
BRDA:84,4,1,2
BRDA:85,5,0,1
BRDA:85,5,1,1
BRDA:87,6,0,1
BRDA:87,6,1,1
BRDA:90,7,0,0
BRDA:90,7,1,1
BRDA:96,8,0,7
BRDA:96,8,1,6
BRDA:97,9,0,4
BRDA:97,9,1,2
BRDA:98,10,0,2
BRDA:98,10,1,0
BRDA:111,11,0,1
BRDA:111,11,1,1
BRF:24
BRH:20
end_of_record
TN:
SF:features\auth\hooks\useLogin.ts
FN:32,useLogin
FN:35,(anonymous_1)
FN:36,(anonymous_2)
FN:39,(anonymous_3)
FN:40,(anonymous_4)
FN:43,(anonymous_5)
FN:52,(anonymous_6)
FN:54,(anonymous_7)
FN:56,(anonymous_8)
FN:59,(anonymous_9)
FNF:10
FNH:10
FNDA:13,useLogin
FNDA:5,(anonymous_1)
FNDA:5,(anonymous_2)
FNDA:1,(anonymous_3)
FNDA:1,(anonymous_4)
FNDA:3,(anonymous_5)
FNDA:1,(anonymous_6)
FNDA:2,(anonymous_7)
FNDA:2,(anonymous_8)
FNDA:1,(anonymous_9)
DA:21,1
DA:33,13
DA:35,13
DA:36,5
DA:39,13
DA:40,1
DA:43,13
DA:44,3
DA:51,3
DA:52,3
DA:54,2
DA:55,2
DA:56,2
DA:58,2
DA:59,1
DA:60,1
DA:63,1
DA:64,1
DA:65,1
DA:66,1
DA:69,13
LF:21
LH:21
BRDA:52,0,0,1
BRDA:52,0,1,2
BRDA:58,1,0,1
BRDA:58,1,1,1
BRDA:59,2,0,1
BRDA:59,2,1,0
BRF:6
BRH:5
end_of_record
TN:
SF:features\auth\hooks\useLogout.ts
FN:7,useLogout
FN:10,(anonymous_1)
FN:19,(anonymous_2)
FNF:3
FNH:3
FNDA:4,useLogout
FNDA:2,(anonymous_1)
FNDA:1,(anonymous_2)
DA:8,4
DA:10,4
DA:11,2
DA:20,1
DA:21,1
DA:22,1
DA:23,1
DA:30,4
LF:8
LH:8
BRF:0
BRH:0
end_of_record
TN:
SF:features\auth\hooks\useRegister.ts
FN:69,useRegister
FN:72,(anonymous_1)
FN:73,(anonymous_2)
FN:76,(anonymous_3)
FN:77,(anonymous_4)
FN:80,(anonymous_5)
FN:81,(anonymous_6)
FN:94,(anonymous_7)
FN:100,(anonymous_8)
FN:105,(anonymous_9)
FN:113,(anonymous_10)
FN:130,(anonymous_11)
FN:133,(anonymous_12)
FN:141,(anonymous_13)
FN:144,(anonymous_14)
FN:152,(anonymous_15)
FN:171,(anonymous_16)
FN:175,(anonymous_17)
FN:184,(anonymous_18)
FN:185,(anonymous_19)
FNF:20
FNH:18
FNDA:104,useRegister
FNDA:44,(anonymous_1)
FNDA:44,(anonymous_2)
FNDA:0,(anonymous_3)
FNDA:0,(anonymous_4)
FNDA:34,(anonymous_5)
FNDA:34,(anonymous_6)
FNDA:1,(anonymous_7)
FNDA:1,(anonymous_8)
FNDA:1,(anonymous_9)
FNDA:13,(anonymous_10)
FNDA:1,(anonymous_11)
FNDA:7,(anonymous_12)
FNDA:1,(anonymous_13)
FNDA:5,(anonymous_14)
FNDA:2,(anonymous_15)
FNDA:1,(anonymous_16)
FNDA:1,(anonymous_17)
FNDA:3,(anonymous_18)
FNDA:3,(anonymous_19)
DA:18,1
DA:50,1
DA:70,104
DA:72,104
DA:73,44
DA:76,104
DA:77,0
DA:80,104
DA:81,34
DA:84,34
DA:85,16
DA:92,16
DA:93,16
DA:94,1
DA:95,1
DA:98,15
DA:99,15
DA:100,1
DA:101,1
DA:104,14
DA:105,1
DA:109,1
DA:112,13
DA:113,13
DA:122,13
DA:126,18
DA:127,8
DA:128,8
DA:129,8
DA:130,1
DA:131,1
DA:133,7
DA:134,7
DA:138,10
DA:139,6
DA:140,6
DA:141,1
DA:142,1
DA:144,5
DA:145,5
DA:149,4
DA:150,4
DA:151,4
DA:152,2
DA:153,2
DA:156,2
DA:169,2
DA:170,2
DA:171,1
DA:172,1
DA:175,1
DA:184,104
DA:185,3
DA:193,104
LF:54
LH:53
BRDA:84,0,0,16
BRDA:84,0,1,18
BRDA:93,1,0,1
BRDA:93,1,1,15
BRDA:99,2,0,1
BRDA:99,2,1,14
BRDA:104,3,0,1
BRDA:104,3,1,13
BRDA:118,4,0,13
BRDA:118,4,1,12
BRDA:119,5,0,13
BRDA:119,5,1,12
BRDA:126,6,0,8
BRDA:126,6,1,10
BRDA:129,7,0,1
BRDA:129,7,1,7
BRDA:138,8,0,6
BRDA:138,8,1,4
BRDA:140,9,0,1
BRDA:140,9,1,5
BRDA:149,10,0,4
BRDA:149,10,1,0
BRDA:151,11,0,2
BRDA:151,11,1,2
BRDA:170,12,0,1
BRDA:170,12,1,1
BRF:26
BRH:25
end_of_record
TN:
SF:features\auth\screens\ForgotPasswordScreen.tsx
FN:24,btnLabel
FN:30,ForgotPasswordScreen
FN:33,(anonymous_2)
FN:38,(anonymous_3)
FN:111,(anonymous_4)
FN:124,(anonymous_5)
FN:136,(anonymous_6)
FN:143,(anonymous_7)
FN:164,(anonymous_8)
FN:173,makeStyles
FNF:10
FNH:0
FNDA:0,btnLabel
FNDA:0,ForgotPasswordScreen
FNDA:0,(anonymous_2)
FNDA:0,(anonymous_3)
FNDA:0,(anonymous_4)
FNDA:0,(anonymous_5)
FNDA:0,(anonymous_6)
FNDA:0,(anonymous_7)
FNDA:0,(anonymous_8)
FNDA:0,makeStyles
DA:17,0
DA:25,0
DA:26,0
DA:27,0
DA:31,0
DA:32,0
DA:33,0
DA:34,0
DA:36,0
DA:38,0
DA:39,0
DA:40,0
DA:41,0
DA:42,0
DA:43,0
DA:47,0
DA:48,0
DA:75,0
DA:111,0
DA:124,0
DA:136,0
DA:143,0
DA:164,0
DA:174,0
LF:24
LH:0
BRDA:25,0,0,0
BRDA:25,0,1,0
BRDA:26,1,0,0
BRDA:26,1,1,0
BRDA:39,2,0,0
BRDA:39,2,1,0
BRDA:39,2,2,0
BRDA:39,2,3,0
BRDA:42,3,0,0
BRDA:42,3,1,0
BRDA:47,4,0,0
BRDA:47,4,1,0
BRDA:56,5,0,0
BRDA:56,5,1,0
BRDA:63,6,0,0
BRDA:63,6,1,0
BRDA:66,7,0,0
BRDA:66,7,1,0
BRDA:78,8,0,0
BRDA:78,8,1,0
BRDA:99,9,0,0
BRDA:99,9,1,0
BRDA:106,10,0,0
BRDA:106,10,1,0
BRDA:118,11,0,0
BRDA:118,11,1,0
BRDA:131,12,0,0
BRDA:131,12,1,0
BRDA:152,13,0,0
BRDA:152,13,1,0
BRDA:152,13,2,0
BRDA:154,14,0,0
BRDA:154,14,1,0
BRDA:155,15,0,0
BRDA:155,15,1,0
BRF:35
BRH:0
end_of_record
TN:
SF:features\auth\screens\LoginScreen.tsx
FN:13,LoginScreen
FN:16,(anonymous_1)
FN:44,(anonymous_2)
FN:52,(anonymous_3)
FN:84,(anonymous_4)
FN:96,makeStyles
FNF:6
FNH:4
FNDA:12,LoginScreen
FNDA:12,(anonymous_1)
FNDA:0,(anonymous_2)
FNDA:0,(anonymous_3)
FNDA:1,(anonymous_4)
FNDA:12,makeStyles
DA:14,12
DA:15,12
DA:16,12
DA:17,12
DA:18,12
DA:20,12
DA:44,0
DA:52,0
DA:84,1
DA:97,12
LF:10
LH:8
BRDA:18,0,0,12
BRDA:18,0,1,4
BRDA:23,1,0,12
BRDA:23,1,1,0
BRDA:57,2,0,1
BRDA:57,2,1,11
BRDA:60,3,0,1
BRDA:60,3,1,0
BRDA:61,4,0,1
BRDA:61,4,1,0
BRDA:65,5,0,1
BRDA:65,5,1,0
BRDA:73,6,0,12
BRDA:73,6,1,4
BRDA:73,6,2,9
BRDA:75,7,0,12
BRDA:75,7,1,4
BRDA:77,8,0,1
BRDA:77,8,1,11
BRF:19
BRH:15
end_of_record
TN:
SF:features\auth\screens\RegisterScreen.tsx
FN:32,RegisterScreen
FN:35,(anonymous_1)
FN:39,(anonymous_2)
FN:44,(anonymous_3)
FN:46,(anonymous_4)
FN:90,(anonymous_5)
FN:96,(anonymous_6)
FN:104,(anonymous_7)
FN:109,(anonymous_8)
FN:114,(anonymous_9)
FN:128,(anonymous_10)
FN:178,(anonymous_11)
FN:197,(anonymous_12)
FN:206,(anonymous_13)
FN:220,(anonymous_14)
FN:254,(anonymous_15)
FN:261,(anonymous_16)
FN:283,(anonymous_17)
FN:294,makeStyles
FNF:19
FNH:9
FNDA:27,RegisterScreen
FNDA:24,(anonymous_1)
FNDA:0,(anonymous_2)
FNDA:2,(anonymous_3)
FNDA:27,(anonymous_4)
FNDA:2,(anonymous_5)
FNDA:1,(anonymous_6)
FNDA:0,(anonymous_7)
FNDA:33,(anonymous_8)
FNDA:0,(anonymous_9)
FNDA:1,(anonymous_10)
FNDA:0,(anonymous_11)
FNDA:0,(anonymous_12)
FNDA:0,(anonymous_13)
FNDA:0,(anonymous_14)
FNDA:0,(anonymous_15)
FNDA:0,(anonymous_16)
FNDA:0,(anonymous_17)
FNDA:24,makeStyles
DA:17,1
DA:19,1
DA:26,1
DA:33,27
DA:34,27
DA:35,27
DA:36,27
DA:37,27
DA:39,27
DA:40,0
DA:41,0
DA:44,27
DA:46,27
DA:47,27
DA:48,17
DA:49,4
DA:50,3
DA:51,3
DA:52,0
DA:57,27
DA:58,11
DA:90,2
DA:96,1
DA:104,0
DA:110,33
DA:114,0
DA:128,1
DA:141,16
DA:178,0
DA:197,0
DA:206,0
DA:220,0
DA:254,0
DA:261,0
DA:283,0
DA:295,24
LF:36
LH:24
BRDA:44,0,0,1
BRDA:44,0,1,1
BRDA:47,1,0,17
BRDA:47,1,1,4
BRDA:47,1,2,3
BRDA:47,1,3,3
BRDA:47,1,4,0
BRDA:49,2,0,4
BRDA:49,2,1,1
BRDA:51,3,0,3
BRDA:51,3,1,1
BRDA:57,4,0,11
BRDA:57,4,1,16
BRDA:111,5,0,33
BRDA:111,5,1,22
BRDA:115,6,0,22
BRDA:115,6,1,11
BRDA:144,7,0,16
BRDA:144,7,1,0
BRDA:166,8,0,1
BRDA:166,8,1,15
BRDA:173,9,0,16
BRDA:173,9,1,6
BRDA:185,10,0,16
BRDA:185,10,1,4
BRDA:187,11,0,4
BRDA:187,11,1,0
BRDA:216,12,0,16
BRDA:216,12,1,3
BRDA:230,13,0,16
BRDA:230,13,1,3
BRDA:269,14,0,16
BRDA:269,14,1,4
BRDA:269,14,2,12
BRDA:271,15,0,16
BRDA:271,15,1,4
BRDA:272,16,0,3
BRDA:272,16,1,13
BRDA:273,17,0,0
BRDA:273,17,1,16
BRDA:276,18,0,3
BRDA:276,18,1,13
BRF:42
BRH:38
end_of_record
TN:
SF:features\auth\screens\WelcomeScreen.tsx
FN:13,WelcomeScreen
FN:16,(anonymous_1)
FN:64,(anonymous_2)
FN:65,(anonymous_3)
FN:71,(anonymous_4)
FN:72,(anonymous_5)
FN:83,makeStyles
FNF:7
FNH:7
FNDA:7,WelcomeScreen
FNDA:7,(anonymous_1)
FNDA:7,(anonymous_2)
FNDA:1,(anonymous_3)
FNDA:7,(anonymous_4)
FNDA:1,(anonymous_5)
FNDA:7,makeStyles
DA:10,1
DA:11,1
DA:14,7
DA:15,7
DA:16,7
DA:18,7
DA:64,7
DA:65,1
DA:71,7
DA:72,1
DA:84,7
LF:11
LH:11
BRDA:64,0,0,7
BRDA:64,0,1,0
BRDA:71,1,0,7
BRDA:71,1,1,0
BRF:4
BRH:2
end_of_record
TN:
SF:features\auth\services\auth.service.ts
FN:16,post
FN:18,(anonymous_1)
FN:41,sleep
FN:41,(anonymous_3)
FN:48,(anonymous_4)
FN:57,(anonymous_5)
FN:85,(anonymous_6)
FN:112,(anonymous_7)
FN:120,(anonymous_8)
FN:129,(anonymous_9)
FNF:10
FNH:9
FNDA:6,post
FNDA:0,(anonymous_1)
FNDA:8,sleep
FNDA:8,(anonymous_3)
FNDA:4,(anonymous_4)
FNDA:2,(anonymous_5)
FNDA:4,(anonymous_6)
FNDA:1,(anonymous_7)
FNDA:2,(anonymous_8)
FNDA:1,(anonymous_9)
DA:11,3
DA:12,3
DA:17,6
DA:18,6
DA:19,6
DA:20,6
DA:26,4
DA:27,4
DA:28,4
DA:29,3
DA:31,2
DA:32,2
DA:33,2
DA:39,3
DA:41,8
DA:45,3
DA:49,4
DA:50,1
DA:51,1
DA:53,3
DA:58,2
DA:59,1
DA:60,1
DA:75,1
DA:86,4
DA:87,2
DA:88,2
DA:89,1
DA:103,1
DA:105,2
DA:113,1
DA:114,1
DA:115,1
DA:117,0
DA:121,2
DA:122,2
DA:123,2
DA:124,1
DA:126,0
DA:130,1
DA:131,1
DA:132,1
DA:134,0
LF:43
LH:40
BRDA:11,0,0,3
BRDA:11,0,1,2
BRDA:28,1,0,1
BRDA:28,1,1,3
BRDA:28,2,0,1
BRDA:28,2,1,0
BRDA:28,2,2,0
BRDA:32,3,0,2
BRDA:32,3,1,2
BRDA:33,4,0,1
BRDA:33,4,1,1
BRDA:41,5,0,7
BRDA:49,6,0,1
BRDA:49,6,1,3
BRDA:58,7,0,1
BRDA:58,7,1,1
BRDA:86,8,0,2
BRDA:86,8,1,2
BRDA:88,9,0,1
BRDA:88,9,1,1
BRDA:113,10,0,1
BRDA:113,10,1,0
BRDA:121,11,0,2
BRDA:121,11,1,0
BRDA:123,12,0,1
BRDA:123,12,1,1
BRDA:130,13,0,1
BRDA:130,13,1,0
BRF:28
BRH:23
end_of_record
TN:
SF:features\auth\services\profile-api.service.ts
FN:5,authHeaders
FN:19,changePassword
FNF:2
FNH:2
FNDA:5,authHeaders
FNDA:5,changePassword
DA:3,1
DA:6,5
DA:7,5
DA:22,5
DA:23,5
DA:29,4
DA:31,4
DA:32,2
DA:33,2
DA:34,1
DA:35,2
DA:38,2
DA:41,2
DA:43,1
LF:14
LH:14
BRDA:3,0,0,1
BRDA:3,0,1,1
BRDA:9,1,0,4
BRDA:9,1,1,1
BRDA:31,2,0,2
BRDA:31,2,1,2
BRDA:33,3,0,1
BRDA:33,3,1,1
BRDA:38,4,0,2
BRDA:38,4,1,0
BRF:10
BRH:9
end_of_record
TN:
SF:features\auth\services\secure-storage.service.ts
FN:7,(anonymous_0)
FN:11,(anonymous_1)
FN:15,(anonymous_2)
FN:19,(anonymous_3)
FN:25,(anonymous_4)
FNF:5
FNH:5
FNDA:1,(anonymous_0)
FNDA:2,(anonymous_1)
FNDA:1,(anonymous_2)
FNDA:3,(anonymous_3)
FNDA:1,(anonymous_4)
DA:3,14
DA:4,14
DA:6,14
DA:8,1
DA:12,2
DA:16,1
DA:20,3
DA:21,3
DA:22,2
DA:26,1
DA:27,1
LF:11
LH:11
BRDA:21,0,0,1
BRDA:21,0,1,2
BRF:2
BRH:2
end_of_record
TN:
SF:features\auth\validation\auth.validation.ts
FN:17,validatePassword
FN:28,validateEmail
FN:38,validatePhone
FN:39,(anonymous_3)
FN:52,validateStep1
FN:61,validateStep2
FN:71,validateStep3
FN:82,validateStepEmail
FN:89,validateStepPassword
FN:99,validateOtp
FN:106,validateLogin
FNF:11
FNH:10
FNDA:17,validatePassword
FNDA:16,validateEmail
FNDA:36,validatePhone
FNDA:45,(anonymous_3)
FNDA:19,validateStep1
FNDA:12,validateStep2
FNDA:0,validateStep3
FNDA:9,validateStepEmail
FNDA:7,validateStepPassword
FNDA:4,validateOtp
FNDA:3,validateLogin
DA:15,4
DA:18,17
DA:19,15
DA:20,13
DA:21,12
DA:22,11
DA:23,10
DA:24,9
DA:29,16
DA:30,12
DA:31,12
DA:32,10
DA:33,10
DA:34,8
DA:39,45
DA:40,36
DA:41,31
DA:42,30
DA:43,29
DA:44,29
DA:45,2
DA:48,28
DA:53,19
DA:54,19
DA:55,19
DA:56,19
DA:57,19
DA:62,12
DA:63,12
DA:64,3
DA:65,12
DA:66,1
DA:67,12
DA:72,0
DA:73,0
DA:74,0
DA:75,0
DA:76,0
DA:77,0
DA:78,0
DA:79,0
DA:83,9
DA:84,9
DA:85,9
DA:86,9
DA:90,7
DA:91,7
DA:92,7
DA:93,7
DA:94,2
DA:95,7
DA:100,4
DA:101,4
DA:102,3
DA:107,3
DA:108,3
DA:109,3
DA:110,3
DA:111,3
LF:59
LH:51
BRDA:18,0,0,2
BRDA:18,0,1,15
BRDA:19,1,0,2
BRDA:19,1,1,13
BRDA:20,2,0,1
BRDA:20,2,1,12
BRDA:21,3,0,1
BRDA:21,3,1,11
BRDA:22,4,0,1
BRDA:22,4,1,10
BRDA:23,5,0,1
BRDA:23,5,1,9
BRDA:29,6,0,4
BRDA:29,6,1,12
BRDA:31,7,0,2
BRDA:31,7,1,10
BRDA:33,8,0,2
BRDA:33,8,1,8
BRDA:40,9,0,5
BRDA:40,9,1,31
BRDA:41,10,0,1
BRDA:41,10,1,30
BRDA:42,11,0,29
BRDA:42,11,1,1
BRDA:44,12,0,2
BRDA:44,12,1,27
BRDA:54,13,0,1
BRDA:54,13,1,18
BRDA:56,14,0,2
BRDA:56,14,1,17
BRDA:63,15,0,3
BRDA:63,15,1,9
BRDA:63,16,0,12
BRDA:63,16,1,10
BRDA:65,17,0,1
BRDA:65,17,1,11
BRDA:65,18,0,12
BRDA:65,18,1,11
BRDA:74,19,0,0
BRDA:74,19,1,0
BRDA:76,20,0,0
BRDA:76,20,1,0
BRDA:77,21,0,0
BRDA:77,21,1,0
BRDA:85,22,0,3
BRDA:85,22,1,6
BRDA:92,23,0,2
BRDA:92,23,1,5
BRDA:93,24,0,2
BRDA:93,24,1,5
BRDA:100,25,0,0
BRDA:100,25,1,4
BRDA:100,26,0,4
BRDA:100,26,1,4
BRDA:101,27,0,1
BRDA:101,27,1,3
BRDA:109,28,0,1
BRDA:109,28,1,2
BRDA:110,29,0,1
BRDA:110,29,1,2
BRF:60
BRH:53
end_of_record
TN:
SF:features\contact\services\contact-api.service.ts
FN:5,envoyerMessage
FNF:1
FNH:1
FNDA:5,envoyerMessage
DA:3,1
DA:8,5
DA:9,5
DA:10,5
DA:19,4
DA:21,4
DA:22,2
DA:25,2
DA:27,1
LF:9
LH:9
BRDA:3,0,0,1
BRDA:3,0,1,1
BRDA:14,1,0,4
BRDA:14,1,1,1
BRDA:21,2,0,2
BRDA:21,2,1,2
BRDA:22,3,0,2
BRDA:22,3,1,1
BRF:8
BRH:8
end_of_record
TN:
SF:features\gains\hooks\useGainsMine.ts
FN:14,useGainsMine
FN:17,(anonymous_1)
FN:18,(anonymous_2)
FN:23,(anonymous_3)
FN:27,(anonymous_4)
FN:28,(anonymous_5)
FN:33,(anonymous_6)
FNF:7
FNH:7
FNDA:10,useGainsMine
FNDA:2,(anonymous_1)
FNDA:2,(anonymous_2)
FNDA:1,(anonymous_3)
FNDA:2,(anonymous_4)
FNDA:2,(anonymous_5)
FNDA:1,(anonymous_6)
DA:12,1
DA:15,10
DA:17,10
DA:18,2
DA:19,2
DA:20,2
DA:21,1
DA:23,1
DA:27,10
DA:28,2
DA:29,2
DA:30,2
DA:31,1
DA:33,1
DA:37,10
LF:15
LH:15
BRDA:20,0,0,1
BRDA:20,0,1,1
BRDA:30,1,0,1
BRDA:30,1,1,1
BRF:4
BRH:4
end_of_record
TN:
SF:features\gains\screens\GainsScreen.tsx
FN:6,GainsScreen
FNF:1
FNH:1
FNDA:2,GainsScreen
DA:7,2
DA:15,1
LF:2
LH:2
BRF:0
BRH:0
end_of_record
TN:
SF:features\gains\services\gains.service.ts
FN:8,authGet
FN:39,(anonymous_1)
FN:41,(anonymous_2)
FNF:3
FNH:3
FNDA:5,authGet
FNDA:6,(anonymous_1)
FNDA:1,(anonymous_2)
DA:5,4
DA:6,4
DA:9,5
DA:10,5
DA:11,5
DA:17,4
DA:18,4
DA:19,3
DA:20,2
DA:22,1
DA:26,4
DA:38,4
DA:40,6
DA:41,1
DA:42,1
DA:44,5
LF:16
LH:16
BRDA:5,0,0,4
BRDA:5,0,1,2
BRDA:14,1,0,4
BRDA:14,1,1,1
BRDA:18,2,0,1
BRDA:18,2,1,3
BRDA:19,3,0,1
BRDA:19,3,1,2
BRDA:19,4,0,1
BRDA:19,4,1,0
BRDA:40,5,0,1
BRDA:40,5,1,5
BRF:12
BRH:11
end_of_record
TN:
SF:features\livraisons\hooks\useLivraisonsEnCours.ts
FN:12,useLivraisonsEnCours
FN:15,(anonymous_1)
FN:16,(anonymous_2)
FN:21,(anonymous_3)
FN:25,(anonymous_4)
FN:26,(anonymous_5)
FN:31,(anonymous_6)
FNF:7
FNH:6
FNDA:19,useLivraisonsEnCours
FNDA:8,(anonymous_1)
FNDA:8,(anonymous_2)
FNDA:2,(anonymous_3)
FNDA:2,(anonymous_4)
FNDA:2,(anonymous_5)
FNDA:0,(anonymous_6)
DA:13,19
DA:15,19
DA:16,8
DA:17,8
DA:18,8
DA:19,6
DA:21,2
DA:25,19
DA:26,2
DA:27,2
DA:28,2
DA:29,2
DA:31,0
DA:35,19
LF:14
LH:13
BRDA:18,0,0,6
BRDA:18,0,1,2
BRDA:28,1,0,2
BRDA:28,1,1,0
BRF:4
BRH:3
end_of_record
TN:
SF:features\livraisons\screens\LivraisonsScreen.tsx
FN:29,formatDate
FN:36,VehiculePhoto
FN:47,(anonymous_2)
FN:67,DetailSheet
FN:70,(anonymous_4)
FN:75,(anonymous_5)
FN:164,LivraisonCard
FN:166,(anonymous_7)
FN:190,LivraisonsScreen
FN:193,(anonymous_9)
FN:198,(anonymous_10)
FN:200,(anonymous_11)
FN:204,(anonymous_12)
FN:205,(anonymous_13)
FN:206,(anonymous_14)
FN:207,(anonymous_15)
FN:208,(anonymous_16)
FN:252,(anonymous_17)
FN:260,(anonymous_18)
FN:269,(anonymous_19)
FN:276,(anonymous_20)
FN:286,makeStyles
FNF:22
FNH:11
FNDA:0,formatDate
FNDA:3,VehiculePhoto
FNDA:0,(anonymous_2)
FNDA:0,DetailSheet
FNDA:0,(anonymous_4)
FNDA:0,(anonymous_5)
FNDA:3,LivraisonCard
FNDA:3,(anonymous_7)
FNDA:6,LivraisonsScreen
FNDA:6,(anonymous_9)
FNDA:6,(anonymous_10)
FNDA:0,(anonymous_11)
FNDA:6,(anonymous_12)
FNDA:0,(anonymous_13)
FNDA:6,(anonymous_14)
FNDA:0,(anonymous_15)
FNDA:6,(anonymous_16)
FNDA:3,(anonymous_17)
FNDA:0,(anonymous_18)
FNDA:0,(anonymous_19)
FNDA:0,(anonymous_20)
FNDA:9,makeStyles
DA:25,1
DA:30,0
DA:31,0
DA:37,3
DA:38,3
DA:39,3
DA:41,3
DA:42,0
DA:47,0
DA:51,3
DA:68,0
DA:69,0
DA:70,0
DA:72,0
DA:165,3
DA:166,3
DA:168,3
DA:191,6
DA:192,6
DA:193,6
DA:194,6
DA:195,6
DA:196,6
DA:198,6
DA:199,6
DA:200,6
DA:201,6
DA:204,6
DA:205,6
DA:206,6
DA:207,6
DA:208,6
DA:211,6
DA:253,3
DA:254,3
DA:260,0
DA:270,0
DA:271,0
DA:276,0
DA:287,9
LF:40
LH:28
BRDA:30,0,0,0
BRDA:30,0,1,0
BRDA:41,1,0,0
BRDA:41,1,1,3
BRDA:41,2,0,3
BRDA:41,2,1,0
BRDA:53,3,0,3
BRDA:53,3,1,0
BRDA:85,4,0,0
BRDA:85,4,1,0
BRDA:125,5,0,0
BRDA:125,5,1,0
BRDA:173,6,0,3
BRDA:173,6,1,3
BRDA:207,7,0,0
BRDA:207,7,1,0
BRDA:223,8,0,6
BRDA:223,8,1,1
BRDA:229,9,0,6
BRDA:229,9,1,5
BRDA:229,9,2,1
BRDA:238,10,0,6
BRDA:238,10,1,5
BRDA:238,10,2,4
BRDA:238,10,3,2
BRDA:246,11,0,6
BRDA:246,11,1,5
BRDA:246,11,2,4
BRDA:246,11,3,2
BRDA:249,12,0,1
BRDA:249,12,1,1
BRDA:249,13,0,1
BRDA:249,13,1,1
BRDA:253,14,0,3
BRDA:253,14,1,0
BRDA:258,15,0,3
BRDA:258,15,1,3
BRDA:259,16,0,3
BRDA:259,16,1,3
BRDA:259,16,2,0
BRDA:269,17,0,6
BRDA:269,17,1,0
BRDA:270,18,0,0
BRDA:270,18,1,0
BRDA:274,19,0,0
BRDA:274,19,1,0
BRDA:275,20,0,0
BRDA:275,20,1,0
BRDA:275,20,2,0
BRF:49
BRH:28
end_of_record
TN:
SF:features\livraisons\services\livraison.service.ts
FN:8,authGet
FN:43,(anonymous_1)
FN:45,(anonymous_2)
FNF:3
FNH:3
FNDA:5,authGet
FNDA:6,(anonymous_1)
FNDA:1,(anonymous_2)
DA:5,5
DA:6,5
DA:9,5
DA:10,5
DA:11,5
DA:17,4
DA:18,4
DA:19,3
DA:20,2
DA:22,1
DA:26,5
DA:42,5
DA:44,6
DA:45,1
DA:46,1
DA:48,5
LF:16
LH:16
BRDA:5,0,0,5
BRDA:5,0,1,3
BRDA:14,1,0,4
BRDA:14,1,1,1
BRDA:18,2,0,1
BRDA:18,2,1,3
BRDA:19,3,0,1
BRDA:19,3,1,2
BRDA:19,4,0,1
BRDA:19,4,1,0
BRDA:44,5,0,1
BRDA:44,5,1,5
BRF:12
BRH:11
end_of_record
TN:
SF:features\notifications\hooks\useNotifications.ts
FN:11,useNotifications
FN:18,(anonymous_1)
FN:32,(anonymous_2)
FN:34,(anonymous_3)
FN:34,(anonymous_4)
FN:38,(anonymous_5)
FN:40,(anonymous_6)
FN:41,(anonymous_7)
FN:43,(anonymous_8)
FN:47,(anonymous_9)
FN:49,(anonymous_10)
FN:55,(anonymous_11)
FNF:12
FNH:11
FNDA:21,useNotifications
FNDA:11,(anonymous_1)
FNDA:1,(anonymous_2)
FNDA:1,(anonymous_3)
FNDA:1,(anonymous_4)
FNDA:2,(anonymous_5)
FNDA:2,(anonymous_6)
FNDA:3,(anonymous_7)
FNDA:2,(anonymous_8)
FNDA:6,(anonymous_9)
FNDA:0,(anonymous_10)
FNDA:6,(anonymous_11)
DA:12,21
DA:13,21
DA:14,21
DA:15,21
DA:16,21
DA:18,21
DA:19,11
DA:20,11
DA:21,11
DA:22,11
DA:23,9
DA:24,9
DA:26,2
DA:28,11
DA:32,21
DA:33,1
DA:34,1
DA:35,1
DA:38,21
DA:39,2
DA:40,2
DA:41,3
DA:43,2
DA:47,21
DA:48,6
DA:49,6
DA:50,0
DA:51,0
DA:53,0
DA:55,6
DA:58,21
LF:31
LH:28
BRDA:41,0,0,2
BRDA:41,0,1,1
BRDA:50,1,0,0
BRDA:50,1,1,0
BRDA:50,2,0,0
BRDA:50,2,1,0
BRF:6
BRH:2
end_of_record
TN:
SF:features\notifications\screens\NotificationsScreen.tsx
FN:19,NotificationItem
FN:37,(anonymous_1)
FN:56,NotificationsScreen
FN:63,(anonymous_3)
FN:64,(anonymous_4)
FN:76,(anonymous_5)
FN:99,(anonymous_6)
FN:100,(anonymous_7)
FNF:8
FNH:7
FNDA:2,NotificationItem
FNDA:1,(anonymous_1)
FNDA:7,NotificationsScreen
FNDA:1,(anonymous_3)
FNDA:1,(anonymous_4)
FNDA:0,(anonymous_5)
FNDA:4,(anonymous_6)
FNDA:2,(anonymous_7)
DA:26,2
DA:28,2
DA:37,1
DA:57,7
DA:58,7
DA:60,7
DA:62,7
DA:64,1
DA:65,1
DA:66,1
DA:72,7
DA:76,0
DA:99,4
DA:100,2
DA:119,1
LF:15
LH:14
BRDA:33,0,0,0
BRDA:33,0,1,2
BRDA:33,1,0,2
BRDA:33,1,1,0
BRDA:39,2,0,2
BRDA:39,2,1,2
BRDA:41,3,0,2
BRDA:41,3,1,0
BRDA:65,4,0,1
BRDA:65,4,1,0
BRDA:65,5,0,1
BRDA:65,5,1,1
BRDA:80,6,0,3
BRDA:80,6,1,4
BRDA:90,7,0,1
BRDA:90,7,1,6
BRDA:90,8,0,7
BRDA:90,8,1,1
BRDA:106,9,0,6
BRDA:106,9,1,0
BRDA:107,10,0,6
BRDA:107,10,1,5
BRDA:111,11,0,4
BRDA:111,11,1,2
BRF:24
BRH:19
end_of_record
TN:
SF:features\notifications\services\notification-prefs.service.ts
FN:21,loadNotifPrefs
FN:31,saveNotifPrefs
FNF:2
FNH:2
FNDA:10,loadNotifPrefs
FNDA:4,saveNotifPrefs
DA:3,2
DA:13,2
DA:22,10
DA:23,10
DA:24,9
DA:25,7
DA:27,3
DA:32,4
LF:8
LH:8
BRDA:24,0,0,2
BRDA:24,0,1,7
BRF:2
BRH:2
end_of_record
TN:
SF:features\notifications\services\notification.service.ts
FN:10,resolveProjectId
FN:20,registerPushNotifications
FN:63,sendTokenToBackend
FNF:3
FNH:3
FNDA:4,resolveProjectId
FNDA:5,registerPushNotifications
FNDA:3,sendTokenToBackend
DA:8,1
DA:11,4
DA:21,5
DA:23,5
DA:24,0
DA:32,5
DA:33,5
DA:35,5
DA:36,2
DA:37,2
DA:40,5
DA:42,4
DA:44,4
DA:46,0
DA:47,0
DA:51,4
DA:52,4
DA:53,3
DA:56,1
DA:57,1
DA:60,3
DA:64,3
DA:65,3
DA:67,2
DA:68,2
DA:77,0
LF:26
LH:22
BRDA:8,0,0,1
BRDA:8,0,1,1
BRDA:12,1,0,4
BRDA:12,1,1,0
BRDA:12,1,2,0
BRDA:21,2,0,0
BRDA:21,2,1,5
BRDA:23,3,0,0
BRDA:23,3,1,5
BRDA:35,4,0,2
BRDA:35,4,1,3
BRDA:40,5,0,1
BRDA:40,5,1,4
BRDA:44,6,0,0
BRDA:44,6,1,4
BRDA:65,7,0,1
BRDA:65,7,1,2
BRF:17
BRH:12
end_of_record
TN:
SF:features\notifications\services\notifications-api.service.ts
FN:20,headers
FN:28,fetchNotifications
FN:36,markAllRead
FN:43,markOneRead
FNF:4
FNH:4
FNDA:5,headers
FNDA:3,fetchNotifications
FNDA:1,markAllRead
FNDA:1,markOneRead
DA:3,4
DA:21,5
DA:22,5
DA:29,3
DA:32,3
DA:33,2
DA:37,1
DA:44,1
LF:8
LH:8
BRDA:3,0,0,4
BRDA:3,0,1,4
BRDA:24,1,0,5
BRDA:24,1,1,0
BRDA:32,2,0,1
BRDA:32,2,1,2
BRF:6
BRH:5
end_of_record
TN:
SF:features\scan\screens\ScannerScreen.tsx
FN:21,formatPhone
FN:26,initiales
FN:35,getRoleColor
FN:44,UserCard
FN:47,(anonymous_4)
FN:54,(anonymous_5)
FN:64,(anonymous_6)
FN:100,(anonymous_7)
FN:120,ClientCard
FN:123,(anonymous_9)
FN:129,(anonymous_10)
FN:179,LivraisonCard
FN:182,(anonymous_12)
FN:187,Row
FN:201,(anonymous_14)
FN:251,ScannerScreen
FN:254,(anonymous_16)
FN:263,changeZoom
FN:264,(anonymous_18)
FN:267,(anonymous_19)
FN:282,(anonymous_20)
FN:290,handleClose
FN:309,(anonymous_22)
FN:365,(anonymous_23)
FN:369,(anonymous_24)
FN:377,(anonymous_25)
FN:399,makeScannerStyles
FN:440,makeCardStyles
FNF:28
FNH:22
FNDA:3,formatPhone
FNDA:3,initiales
FNDA:2,getRoleColor
FNDA:2,UserCard
FNDA:2,(anonymous_4)
FNDA:0,(anonymous_5)
FNDA:2,(anonymous_6)
FNDA:2,(anonymous_7)
FNDA:1,ClientCard
FNDA:1,(anonymous_9)
FNDA:0,(anonymous_10)
FNDA:1,LivraisonCard
FNDA:1,(anonymous_12)
FNDA:7,Row
FNDA:0,(anonymous_14)
FNDA:15,ScannerScreen
FNDA:15,(anonymous_16)
FNDA:2,changeZoom
FNDA:2,(anonymous_18)
FNDA:4,(anonymous_19)
FNDA:0,(anonymous_20)
FNDA:1,handleClose
FNDA:0,(anonymous_22)
FNDA:1,(anonymous_23)
FNDA:1,(anonymous_24)
FNDA:0,(anonymous_25)
FNDA:15,makeScannerStyles
FNDA:4,makeCardStyles
DA:22,3
DA:23,3
DA:27,3
DA:30,1
DA:36,2
DA:45,2
DA:46,2
DA:47,2
DA:48,2
DA:50,2
DA:54,0
DA:65,2
DA:101,2
DA:121,1
DA:122,1
DA:123,1
DA:125,1
DA:129,0
DA:180,1
DA:181,1
DA:182,1
DA:184,1
DA:185,1
DA:188,7
DA:189,7
DA:197,1
DA:201,0
DA:252,15
DA:253,15
DA:254,15
DA:255,15
DA:256,15
DA:257,15
DA:258,15
DA:259,15
DA:260,15
DA:261,15
DA:264,2
DA:267,15
DA:268,4
DA:269,4
DA:270,4
DA:271,4
DA:272,4
DA:273,4
DA:275,4
DA:276,4
DA:278,4
DA:279,4
DA:281,0
DA:282,0
DA:283,0
DA:284,0
DA:285,0
DA:291,1
DA:292,1
DA:293,1
DA:294,1
DA:298,15
DA:299,1
DA:302,14
DA:303,1
DA:309,0
DA:316,13
DA:365,1
DA:369,1
DA:377,0
DA:392,1
DA:393,1
DA:394,1
DA:395,1
DA:396,1
DA:400,15
DA:441,4
LF:74
LH:64
BRDA:23,0,0,3
BRDA:23,0,1,0
BRDA:27,1,0,3
BRDA:27,1,1,0
BRDA:27,2,0,3
BRDA:27,2,1,1
BRDA:27,3,0,3
BRDA:27,3,1,0
BRDA:65,4,0,2
BRDA:65,4,1,0
BRDA:66,5,0,2
BRDA:66,5,1,0
BRDA:67,6,0,2
BRDA:67,6,1,0
BRDA:77,7,0,2
BRDA:77,7,1,0
BRDA:83,8,0,2
BRDA:83,8,1,0
BRDA:83,9,0,2
BRDA:83,9,1,2
BRDA:94,10,0,2
BRDA:94,10,1,2
BRDA:97,11,0,0
BRDA:97,11,1,2
BRDA:136,12,0,1
BRDA:136,12,1,0
BRDA:139,13,0,1
BRDA:139,13,1,1
BRDA:147,14,0,0
BRDA:147,14,1,1
BRDA:153,15,0,0
BRDA:153,15,1,1
BRDA:153,16,0,1
BRDA:153,16,1,1
BRDA:161,17,0,1
BRDA:161,17,1,0
BRDA:185,18,0,1
BRDA:185,18,1,0
BRDA:188,19,0,0
BRDA:188,19,1,7
BRDA:206,20,0,1
BRDA:206,20,1,0
BRDA:212,21,0,1
BRDA:212,21,1,0
BRDA:214,22,0,1
BRDA:214,22,1,0
BRDA:214,23,0,1
BRDA:214,23,1,0
BRDA:214,24,0,1
BRDA:214,24,1,0
BRDA:221,25,0,1
BRDA:221,25,1,0
BRDA:225,26,0,1
BRDA:225,26,1,0
BRDA:231,27,0,0
BRDA:231,27,1,0
BRDA:232,28,0,0
BRDA:232,28,1,0
BRDA:233,29,0,0
BRDA:233,29,1,0
BRDA:234,30,0,0
BRDA:234,30,1,0
BRDA:237,31,0,1
BRDA:237,31,1,0
BRDA:238,32,0,1
BRDA:238,32,1,0
BRDA:268,33,0,0
BRDA:268,33,1,4
BRDA:268,34,0,4
BRDA:268,34,1,4
BRDA:278,35,0,4
BRDA:278,35,1,0
BRDA:298,36,0,1
BRDA:298,36,1,14
BRDA:302,37,0,1
BRDA:302,37,1,13
BRDA:324,38,0,4
BRDA:324,38,1,9
BRDA:350,39,0,13
BRDA:350,39,1,0
BRDA:356,40,0,13
BRDA:356,40,1,13
BRDA:356,40,2,0
BRDA:383,41,0,13
BRDA:383,41,1,2
BRDA:384,42,0,13
BRDA:384,42,1,1
BRDA:385,43,0,13
BRDA:385,43,1,1
BRF:89
BRH:53
end_of_record
TN:
SF:features\scan\services\scan.service.ts
FN:8,authGet
FN:91,detectQrType
FN:100,scanMock
FN:101,(anonymous_3)
FN:110,scanApi
FN:129,(anonymous_5)
FNF:6
FNH:6
FNDA:5,authGet
FNDA:9,detectQrType
FNDA:4,scanMock
FNDA:4,(anonymous_3)
FNDA:5,scanApi
FNDA:9,(anonymous_5)
DA:5,2
DA:6,2
DA:9,5
DA:10,5
DA:11,5
DA:17,4
DA:18,4
DA:19,3
DA:20,3
DA:22,1
DA:28,2
DA:43,2
DA:58,2
DA:74,2
DA:92,9
DA:93,9
DA:94,7
DA:95,4
DA:101,4
DA:102,4
DA:103,3
DA:104,2
DA:105,2
DA:111,5
DA:112,1
DA:113,1
DA:114,1
DA:116,4
DA:117,1
DA:118,1
DA:119,1
DA:121,3
DA:122,3
DA:123,1
DA:128,2
DA:130,9
DA:131,9
DA:132,9
LF:38
LH:38
BRDA:5,0,0,2
BRDA:5,0,1,1
BRDA:14,1,0,5
BRDA:14,1,1,0
BRDA:18,2,0,1
BRDA:18,2,1,3
BRDA:19,3,0,0
BRDA:19,3,1,3
BRDA:19,4,0,0
BRDA:19,4,1,0
BRDA:20,5,0,3
BRDA:20,5,1,2
BRDA:93,6,0,2
BRDA:93,6,1,7
BRDA:94,7,0,3
BRDA:94,7,1,4
BRDA:94,8,0,7
BRDA:94,8,1,5
BRDA:102,9,0,1
BRDA:102,9,1,3
BRDA:103,10,0,1
BRDA:103,10,1,2
BRDA:104,11,0,1
BRDA:104,11,1,1
BRDA:111,12,0,1
BRDA:111,12,1,4
BRDA:113,13,0,0
BRDA:113,13,1,1
BRDA:116,14,0,1
BRDA:116,14,1,3
BRDA:118,15,0,0
BRDA:118,15,1,1
BRDA:122,16,0,2
BRDA:122,16,1,1
BRDA:132,17,0,4
BRDA:132,17,1,5
BRF:36
BRH:30
end_of_record
TN:
SF:features\vehicule\hooks\useCommissionsVehicule.ts
FN:12,useCommissionsVehicule
FN:15,(anonymous_1)
FN:16,(anonymous_2)
FN:27,(anonymous_3)
FNF:4
FNH:3
FNDA:10,useCommissionsVehicule
FNDA:4,(anonymous_1)
FNDA:4,(anonymous_2)
FNDA:0,(anonymous_3)
DA:13,10
DA:15,10
DA:16,4
DA:17,4
DA:18,4
DA:19,3
DA:21,1
DA:26,10
DA:27,0
DA:30,10
LF:10
LH:9
BRDA:18,0,0,3
BRDA:18,0,1,1
BRF:2
BRH:2
end_of_record
TN:
SF:features\vehicule\hooks\useFraisVehicule.ts
FN:11,useFraisVehicule
FN:14,(anonymous_1)
FN:15,(anonymous_2)
FNF:3
FNH:3
FNDA:13,useFraisVehicule
FNDA:6,(anonymous_1)
FNDA:6,(anonymous_2)
DA:12,13
DA:14,13
DA:15,6
DA:16,6
DA:17,6
DA:18,4
DA:20,2
DA:24,13
LF:8
LH:8
BRDA:17,0,0,4
BRDA:17,0,1,2
BRF:2
BRH:2
end_of_record
TN:
SF:features\vehicule\hooks\useVehiculesMine.ts
FN:19,useVehiculesMine
FN:23,(anonymous_1)
FN:24,(anonymous_2)
FN:29,(anonymous_3)
FN:34,(anonymous_4)
FN:35,(anonymous_5)
FN:40,(anonymous_6)
FNF:7
FNH:7
FNDA:18,useVehiculesMine
FNDA:6,(anonymous_1)
FNDA:6,(anonymous_2)
FNDA:1,(anonymous_3)
FNDA:3,(anonymous_4)
FNDA:3,(anonymous_5)
FNDA:1,(anonymous_6)
DA:12,3
DA:20,18
DA:23,18
DA:24,6
DA:25,6
DA:26,6
DA:27,5
DA:29,1
DA:34,18
DA:35,3
DA:36,3
DA:37,3
DA:38,2
DA:40,1
DA:44,18
LF:15
LH:15
BRDA:26,0,0,5
BRDA:26,0,1,1
BRDA:37,1,0,2
BRDA:37,1,1,1
BRF:4
BRH:4
end_of_record
TN:
SF:features\vehicule\screens\VehiculeCaracteristiquesScreen.tsx
FN:28,InfoRow
FN:30,(anonymous_1)
FN:39,VehiculeCaracteristiquesScreen
FN:51,(anonymous_3)
FN:109,makeStyles
FNF:5
FNH:5
FNDA:28,InfoRow
FNDA:28,(anonymous_1)
FNDA:7,VehiculeCaracteristiquesScreen
FNDA:7,(anonymous_3)
FNDA:35,makeStyles
DA:8,1
DA:29,28
DA:30,28
DA:31,28
DA:49,7
DA:50,7
DA:51,7
DA:53,7
DA:55,7
DA:110,35
LF:10
LH:10
BRDA:34,0,0,28
BRDA:34,0,1,7
BRDA:53,1,0,7
BRDA:53,1,1,0
BRDA:63,2,0,0
BRDA:63,2,1,7
BRDA:78,3,0,6
BRDA:78,3,1,1
BRDA:79,4,0,6
BRDA:79,4,1,1
BRDA:80,5,0,6
BRDA:80,5,1,1
BRDA:81,6,0,6
BRDA:81,6,1,1
BRDA:84,7,0,1
BRDA:84,7,1,6
BRDA:85,8,0,1
BRDA:85,8,1,6
BRDA:86,9,0,1
BRDA:86,9,1,6
BRDA:87,10,0,1
BRDA:87,10,1,6
BRDA:102,11,0,1
BRDA:102,11,1,6
BRF:24
BRH:22
end_of_record
TN:
SF:features\vehicule\screens\VehiculeDetailScreen.tsx
FN:25,getStatutConfig
FN:35,FiltreChips
FN:37,(anonymous_2)
FN:41,(anonymous_3)
FN:44,(anonymous_4)
FN:54,CommissionRow
FN:56,(anonymous_6)
FN:81,VehiculeDetailScreen
FN:84,(anonymous_8)
FN:91,(anonymous_9)
FN:91,(anonymous_10)
FN:95,(anonymous_11)
FN:97,(anonymous_12)
FN:98,(anonymous_13)
FN:101,(anonymous_14)
FN:106,(anonymous_15)
FN:109,(anonymous_16)
FN:113,(anonymous_17)
FN:114,(anonymous_18)
FN:147,(anonymous_19)
FN:151,(anonymous_20)
FN:152,(anonymous_21)
FN:172,(anonymous_22)
FN:179,(anonymous_23)
FN:197,makeStyles
FNF:25
FNH:8
FNDA:0,getStatutConfig
FNDA:5,FiltreChips
FNDA:5,(anonymous_2)
FNDA:20,(anonymous_3)
FNDA:0,(anonymous_4)
FNDA:0,CommissionRow
FNDA:0,(anonymous_6)
FNDA:5,VehiculeDetailScreen
FNDA:5,(anonymous_8)
FNDA:5,(anonymous_9)
FNDA:0,(anonymous_10)
FNDA:5,(anonymous_11)
FNDA:0,(anonymous_12)
FNDA:0,(anonymous_13)
FNDA:0,(anonymous_14)
FNDA:0,(anonymous_15)
FNDA:0,(anonymous_16)
FNDA:0,(anonymous_17)
FNDA:0,(anonymous_18)
FNDA:0,(anonymous_19)
FNDA:0,(anonymous_20)
FNDA:0,(anonymous_21)
FNDA:0,(anonymous_22)
FNDA:0,(anonymous_23)
FNDA:10,makeStyles
DA:18,1
DA:26,0
DA:36,5
DA:37,5
DA:39,5
DA:42,20
DA:43,20
DA:44,0
DA:55,0
DA:56,0
DA:57,0
DA:58,0
DA:60,0
DA:82,5
DA:83,5
DA:84,5
DA:85,5
DA:86,5
DA:88,5
DA:90,5
DA:91,5
DA:95,5
DA:96,5
DA:97,0
DA:98,0
DA:100,5
DA:101,5
DA:102,0
DA:103,0
DA:106,5
DA:109,0
DA:113,5
DA:114,5
DA:116,5
DA:147,0
DA:152,0
DA:173,0
DA:180,0
DA:198,10
LF:39
LH:23
BRDA:45,0,0,20
BRDA:45,0,1,5
BRDA:46,1,0,20
BRDA:46,1,1,5
BRDA:65,2,0,0
BRDA:65,2,1,0
BRDA:74,3,0,0
BRDA:74,3,1,0
BRDA:97,4,0,0
BRDA:97,4,1,0
BRDA:98,5,0,0
BRDA:98,5,1,0
BRDA:102,6,0,0
BRDA:102,6,1,0
BRDA:148,7,0,5
BRDA:148,7,1,5
BRDA:149,8,0,5
BRDA:149,8,1,5
BRDA:153,9,0,0
BRDA:153,9,1,0
BRDA:154,10,0,0
BRDA:154,10,1,0
BRDA:160,11,0,5
BRDA:160,11,1,1
BRDA:166,12,0,5
BRDA:166,12,1,4
BRDA:166,12,2,1
BRDA:172,13,0,5
BRDA:172,13,1,4
BRDA:172,13,2,3
BRDA:186,14,0,5
BRDA:186,14,1,4
BRDA:186,14,2,3
BRDA:186,14,3,3
BRF:34
BRH:20
end_of_record
TN:
SF:features\vehicule\screens\VehiculeFraisScreen.tsx
FN:36,iconeType
FN:44,getStatut
FN:50,FraisRow
FN:52,(anonymous_3)
FN:77,VehiculeFraisScreen
FN:80,(anonymous_5)
FN:87,(anonymous_6)
FN:88,(anonymous_7)
FN:90,handleRefresh
FN:96,(anonymous_9)
FN:98,(anonymous_10)
FN:102,(anonymous_11)
FN:106,(anonymous_12)
FN:106,(anonymous_13)
FN:110,(anonymous_14)
FN:112,(anonymous_15)
FN:113,(anonymous_16)
FN:116,(anonymous_17)
FN:121,(anonymous_18)
FN:124,(anonymous_19)
FN:128,(anonymous_20)
FN:129,(anonymous_21)
FN:161,(anonymous_22)
FN:166,(anonymous_23)
FN:169,(anonymous_24)
FN:179,(anonymous_25)
FN:183,(anonymous_26)
FN:184,(anonymous_27)
FN:202,(anonymous_28)
FN:209,(anonymous_29)
FN:230,makeStyles
FNF:31
FNH:7
FNDA:0,iconeType
FNDA:0,getStatut
FNDA:0,FraisRow
FNDA:0,(anonymous_3)
FNDA:6,VehiculeFraisScreen
FNDA:6,(anonymous_5)
FNDA:6,(anonymous_6)
FNDA:0,(anonymous_7)
FNDA:0,handleRefresh
FNDA:6,(anonymous_9)
FNDA:0,(anonymous_10)
FNDA:0,(anonymous_11)
FNDA:6,(anonymous_12)
FNDA:0,(anonymous_13)
FNDA:6,(anonymous_14)
FNDA:0,(anonymous_15)
FNDA:0,(anonymous_16)
FNDA:0,(anonymous_17)
FNDA:0,(anonymous_18)
FNDA:0,(anonymous_19)
FNDA:0,(anonymous_20)
FNDA:0,(anonymous_21)
FNDA:0,(anonymous_22)
FNDA:0,(anonymous_23)
FNDA:0,(anonymous_24)
FNDA:0,(anonymous_25)
FNDA:0,(anonymous_26)
FNDA:0,(anonymous_27)
FNDA:0,(anonymous_28)
FNDA:0,(anonymous_29)
FNDA:6,makeStyles
DA:27,1
DA:37,0
DA:40,1
DA:45,0
DA:46,0
DA:47,0
DA:51,0
DA:52,0
DA:53,0
DA:55,0
DA:78,6
DA:79,6
DA:80,6
DA:81,6
DA:82,6
DA:83,6
DA:85,6
DA:87,6
DA:88,6
DA:91,0
DA:92,0
DA:93,0
DA:96,6
DA:97,6
DA:98,6
DA:99,0
DA:100,0
DA:101,0
DA:102,0
DA:105,6
DA:106,6
DA:110,6
DA:111,6
DA:112,0
DA:113,0
DA:115,6
DA:116,6
DA:117,0
DA:118,0
DA:121,6
DA:124,0
DA:128,6
DA:129,6
DA:131,6
DA:161,0
DA:167,0
DA:169,0
DA:179,0
DA:184,0
DA:203,0
DA:210,0
DA:231,6
LF:52
LH:25
BRDA:37,0,0,0
BRDA:37,0,1,0
BRDA:45,1,0,0
BRDA:45,1,1,0
BRDA:46,2,0,0
BRDA:46,2,1,0
BRDA:62,3,0,0
BRDA:62,3,1,0
BRDA:63,4,0,0
BRDA:63,4,1,0
BRDA:99,5,0,0
BRDA:99,5,1,0
BRDA:112,6,0,0
BRDA:112,6,1,0
BRDA:113,7,0,0
BRDA:113,7,1,0
BRDA:117,8,0,0
BRDA:117,8,1,0
BRDA:163,9,0,6
BRDA:163,9,1,6
BRDA:164,10,0,6
BRDA:164,10,1,6
BRDA:171,11,0,0
BRDA:171,11,1,0
BRDA:172,12,0,0
BRDA:172,12,1,0
BRDA:180,13,0,6
BRDA:180,13,1,6
BRDA:181,14,0,6
BRDA:181,14,1,6
BRDA:185,15,0,0
BRDA:185,15,1,0
BRDA:186,16,0,0
BRDA:186,16,1,0
BRDA:192,17,0,6
BRDA:192,17,1,1
BRDA:196,18,0,6
BRDA:196,18,1,5
BRDA:196,18,2,1
BRDA:202,19,0,6
BRDA:202,19,1,5
BRDA:202,19,2,4
BRDA:212,20,0,0
BRDA:212,20,1,0
BRDA:219,21,0,6
BRDA:219,21,1,5
BRDA:219,21,2,4
BRDA:219,21,3,4
BRF:48
BRH:20
end_of_record
TN:
SF:features\vehicule\services\commission.service.ts
FN:8,authGet
FN:32,(anonymous_1)
FN:34,(anonymous_2)
FNF:3
FNH:3
FNDA:5,authGet
FNDA:6,(anonymous_1)
FNDA:1,(anonymous_2)
DA:5,4
DA:6,4
DA:9,5
DA:10,5
DA:11,5
DA:17,4
DA:18,4
DA:19,3
DA:20,2
DA:22,1
DA:26,4
DA:31,4
DA:33,6
DA:34,1
DA:35,1
DA:37,5
LF:16
LH:16
BRDA:5,0,0,4
BRDA:5,0,1,3
BRDA:14,1,0,5
BRDA:14,1,1,0
BRDA:18,2,0,1
BRDA:18,2,1,3
BRDA:19,3,0,1
BRDA:19,3,1,2
BRDA:19,4,0,1
BRDA:19,4,1,0
BRDA:20,5,0,2
BRDA:20,5,1,1
BRDA:33,6,0,1
BRDA:33,6,1,5
BRF:14
BRH:12
end_of_record
TN:
SF:features\vehicule\services\frais.service.ts
FN:8,authGet
FN:31,(anonymous_1)
FN:33,(anonymous_2)
FNF:3
FNH:3
FNDA:4,authGet
FNDA:5,(anonymous_1)
FNDA:1,(anonymous_2)
DA:5,4
DA:6,4
DA:9,4
DA:10,4
DA:11,4
DA:17,3
DA:18,3
DA:19,2
DA:20,1
DA:22,1
DA:26,4
DA:30,4
DA:32,5
DA:33,1
DA:34,1
DA:36,4
LF:16
LH:16
BRDA:5,0,0,4
BRDA:5,0,1,3
BRDA:14,1,0,4
BRDA:14,1,1,0
BRDA:18,2,0,1
BRDA:18,2,1,2
BRDA:19,3,0,1
BRDA:19,3,1,1
BRDA:19,4,0,1
BRDA:19,4,1,1
BRDA:20,5,0,1
BRDA:20,5,1,0
BRDA:32,6,0,1
BRDA:32,6,1,4
BRF:14
BRH:12
end_of_record
TN:
SF:features\vehicule\services\vehicule.service.ts
FN:10,authGet
FN:58,(anonymous_1)
FN:60,(anonymous_2)
FNF:3
FNH:3
FNDA:5,authGet
FNDA:6,(anonymous_1)
FNDA:1,(anonymous_2)
DA:5,5
DA:6,5
DA:11,5
DA:12,5
DA:13,5
DA:19,4
DA:20,4
DA:21,3
DA:22,2
DA:24,1
DA:30,5
DA:57,5
DA:59,6
DA:60,1
DA:61,1
DA:65,5
LF:16
LH:16
BRDA:5,0,0,5
BRDA:5,0,1,4
BRDA:16,1,0,5
BRDA:16,1,1,0
BRDA:20,2,0,1
BRDA:20,2,1,3
BRDA:21,3,0,1
BRDA:21,3,1,2
BRDA:21,4,0,1
BRDA:21,4,1,0
BRDA:22,5,0,2
BRDA:22,5,1,1
BRDA:59,6,0,1
BRDA:59,6,1,5
BRF:14
BRH:12
end_of_record
TN:
SF:features\vehicules\screens\VehiculesScreen.tsx
FN:32,icone
FN:36,VehiculeIcon
FN:45,(anonymous_2)
FN:54,VehiculeCard
FN:56,(anonymous_4)
FN:58,handlePress
FN:120,LoadingState
FN:122,(anonymous_7)
FN:131,ErrorState
FN:133,(anonymous_9)
FN:144,EmptyState
FN:146,(anonymous_11)
FN:158,VehiculesScreen
FN:161,(anonymous_13)
FN:164,(anonymous_14)
FN:167,(anonymous_15)
FN:170,(anonymous_16)
FN:171,(anonymous_17)
FN:174,(anonymous_18)
FN:177,(anonymous_19)
FN:188,(anonymous_20)
FN:218,(anonymous_21)
FN:228,makeStyles
FNF:23
FNH:18
FNDA:3,icone
FNDA:3,VehiculeIcon
FNDA:0,(anonymous_2)
FNDA:3,VehiculeCard
FNDA:3,(anonymous_4)
FNDA:0,handlePress
FNDA:1,LoadingState
FNDA:1,(anonymous_7)
FNDA:1,ErrorState
FNDA:1,(anonymous_9)
FNDA:3,EmptyState
FNDA:3,(anonymous_11)
FNDA:7,VehiculesScreen
FNDA:7,(anonymous_13)
FNDA:7,(anonymous_14)
FNDA:0,(anonymous_15)
FNDA:7,(anonymous_16)
FNDA:0,(anonymous_17)
FNDA:7,(anonymous_18)
FNDA:7,(anonymous_19)
FNDA:3,(anonymous_20)
FNDA:0,(anonymous_21)
FNDA:15,makeStyles
DA:23,1
DA:33,3
DA:37,3
DA:39,3
DA:40,0
DA:45,0
DA:49,3
DA:55,3
DA:56,3
DA:59,0
DA:74,3
DA:121,1
DA:122,1
DA:123,1
DA:132,1
DA:133,1
DA:134,1
DA:145,3
DA:146,3
DA:147,3
DA:159,7
DA:160,7
DA:161,7
DA:162,7
DA:164,7
DA:166,7
DA:167,0
DA:170,7
DA:171,7
DA:172,0
DA:174,7
DA:177,7
DA:178,7
DA:179,6
DA:180,5
DA:182,2
DA:188,3
DA:194,7
DA:218,0
DA:229,15
LF:40
LH:34
BRDA:33,0,0,3
BRDA:33,0,1,0
BRDA:39,1,0,0
BRDA:39,1,1,3
BRDA:39,2,0,3
BRDA:39,2,1,0
BRDA:67,3,0,0
BRDA:67,3,1,0
BRDA:68,4,0,0
BRDA:68,4,1,0
BRDA:69,5,0,0
BRDA:69,5,1,0
BRDA:83,6,0,0
BRDA:83,6,1,3
BRDA:84,7,0,0
BRDA:84,7,1,3
BRDA:85,8,0,0
BRDA:85,8,1,3
BRDA:86,9,0,0
BRDA:86,9,1,3
BRDA:107,10,0,3
BRDA:107,10,1,0
BRDA:172,11,0,0
BRDA:172,11,1,0
BRDA:178,12,0,1
BRDA:178,12,1,6
BRDA:179,13,0,1
BRDA:179,13,1,5
BRDA:180,14,0,3
BRDA:180,14,1,2
BRDA:185,15,0,1
BRDA:185,15,1,1
BRF:32
BRH:16
end_of_record
TN:
SF:shared\utils\format.ts
FN:5,formatMontant
FN:13,formatDate
FNF:2
FNH:2
FNDA:20,formatMontant
FNDA:16,formatDate
DA:6,20
DA:7,20
DA:14,16
DA:15,16
DA:16,16
LF:5
LH:5
BRF:0
BRH:0
end_of_record
TN:
SF:shared\utils\initiales.ts
FN:5,getInitiales
FNF:1
FNH:1
FNDA:33,getInitiales
DA:6,33
DA:7,33
DA:8,33
LF:3
LH:3
BRDA:6,0,0,33
BRDA:6,0,1,8
BRDA:7,1,0,33
BRDA:7,1,1,7
BRDA:8,2,0,33
BRDA:8,2,1,6
BRF:6
BRH:6
end_of_record
